<?xml version="1.0" encoding="UTF-8"?>
<testng-results skipped="0" failed="0" total="2" passed="2">
  <reporter-output>
  </reporter-output>
  <suite name="Default suite" duration-ms="39" started-at="2018-02-11T15:04:55Z" finished-at="2018-02-11T15:04:55Z">
    <groups>
    </groups>
    <test name="Default test" duration-ms="39" started-at="2018-02-11T15:04:55Z" finished-at="2018-02-11T15:04:55Z">
      <class name="Basics.BasicAnnotations">
        <test-method status="PASS" signature="beforeClass()[pri:0, instance:Basics.BasicAnnotations@2d6a9952]" name="beforeClass" is-config="true" duration-ms="10" started-at="2018-02-11T20:34:55Z" finished-at="2018-02-11T20:34:55Z">
          <reporter-output>
          </reporter-output>
        </test-method> <!-- beforeClass -->
        <test-method status="PASS" signature="setup()[pri:0, instance:Basics.BasicAnnotations@2d6a9952]" name="setup" is-config="true" duration-ms="0" started-at="2018-02-11T20:34:55Z" finished-at="2018-02-11T20:34:55Z">
          <reporter-output>
          </reporter-output>
        </test-method> <!-- setup -->
        <test-method status="PASS" signature="test1()[pri:0, instance:Basics.BasicAnnotations@2d6a9952]" name="test1" duration-ms="5" started-at="2018-02-11T20:34:55Z" finished-at="2018-02-11T20:34:55Z">
          <reporter-output>
          </reporter-output>
        </test-method> <!-- test1 -->
        <test-method status="PASS" signature="aftersetup()[pri:0, instance:Basics.BasicAnnotations@2d6a9952]" name="aftersetup" is-config="true" duration-ms="0" started-at="2018-02-11T20:34:55Z" finished-at="2018-02-11T20:34:55Z">
          <reporter-output>
          </reporter-output>
        </test-method> <!-- aftersetup -->
        <test-method status="PASS" signature="setup()[pri:0, instance:Basics.BasicAnnotations@2d6a9952]" name="setup" is-config="true" duration-ms="1" started-at="2018-02-11T20:34:55Z" finished-at="2018-02-11T20:34:55Z">
          <reporter-output>
          </reporter-output>
        </test-method> <!-- setup -->
        <test-method status="PASS" signature="test2()[pri:0, instance:Basics.BasicAnnotations@2d6a9952]" name="test2" duration-ms="0" started-at="2018-02-11T20:34:55Z" finished-at="2018-02-11T20:34:55Z">
          <reporter-output>
          </reporter-output>
        </test-method> <!-- test2 -->
        <test-method status="PASS" signature="aftersetup()[pri:0, instance:Basics.BasicAnnotations@2d6a9952]" name="aftersetup" is-config="true" duration-ms="0" started-at="2018-02-11T20:34:55Z" finished-at="2018-02-11T20:34:55Z">
          <reporter-output>
          </reporter-output>
        </test-method> <!-- aftersetup -->
        <test-method status="PASS" signature="afterClass()[pri:0, instance:Basics.BasicAnnotations@2d6a9952]" name="afterClass" is-config="true" duration-ms="0" started-at="2018-02-11T20:34:55Z" finished-at="2018-02-11T20:34:55Z">
          <reporter-output>
          </reporter-output>
        </test-method> <!-- afterClass -->
      </class> <!-- Basics.BasicAnnotations -->
    </test> <!-- Default test -->
  </suite> <!-- Default suite -->
</testng-results>
