<?xml version="1.0" encoding="UTF-8"?>
<testng-results skipped="0" failed="0" total="3" passed="3">
  <reporter-output>
  </reporter-output>
  <suite name="Default suite" duration-ms="48" started-at="2018-02-24T11:49:59Z" finished-at="2018-02-24T11:49:59Z">
    <groups>
    </groups>
    <test name="Default test" duration-ms="48" started-at="2018-02-24T11:49:59Z" finished-at="2018-02-24T11:49:59Z">
      <class name="ReadFile.Read">
        <test-method status="PASS" signature="logintest(java.lang.String, java.lang.String)[pri:0, instance:ReadFile.Read@3ac42916]" name="logintest" duration-ms="13" started-at="2018-02-24T17:19:59Z" data-provider="getData" finished-at="2018-02-24T17:19:59Z">
          <params>
            <param index="0">
              <value>
                <![CDATA[Abhi]]>
              </value>
            </param>
            <param index="1">
              <value>
                <![CDATA[Abhi123]]>
              </value>
            </param>
          </params>
          <reporter-output>
          </reporter-output>
        </test-method> <!-- logintest -->
        <test-method status="PASS" signature="logintest(java.lang.String, java.lang.String)[pri:0, instance:ReadFile.Read@3ac42916]" name="logintest" duration-ms="1" started-at="2018-02-24T17:19:59Z" data-provider="getData" finished-at="2018-02-24T17:19:59Z">
          <params>
            <param index="0">
              <value>
                <![CDATA[Neha]]>
              </value>
            </param>
            <param index="1">
              <value>
                <![CDATA[Neha123]]>
              </value>
            </param>
          </params>
          <reporter-output>
          </reporter-output>
        </test-method> <!-- logintest -->
        <test-method status="PASS" signature="logintest(java.lang.String, java.lang.String)[pri:0, instance:ReadFile.Read@3ac42916]" name="logintest" duration-ms="2" started-at="2018-02-24T17:19:59Z" data-provider="getData" finished-at="2018-02-24T17:19:59Z">
          <params>
            <param index="0">
              <value>
                <![CDATA[Puspaa]]>
              </value>
            </param>
            <param index="1">
              <value>
                <![CDATA[Puspaa123]]>
              </value>
            </param>
          </params>
          <reporter-output>
          </reporter-output>
        </test-method> <!-- logintest -->
      </class> <!-- ReadFile.Read -->
    </test> <!-- Default test -->
  </suite> <!-- Default suite -->
</testng-results>
